################################
## PRD_PRD_M
time : 7873.051925897598
last index : 3000001
################################
Traceback (most recent call last):
  File "mock_gen.py", line 215, in <module>
    cursor.executemany(sql_insert, bulk)
cx_Oracle.DatabaseError: DPI-1080: connection was closed by ORA-3135
Traceback (most recent call last):
  File "mock_gen.py", line 205, in <module>
    result = f_fake_val(k, v[0], v[1], v[2], v[3], ind, seq)
  File "mock_gen.py", line 60, in f_fake_val
    return fake.pyint(min_value=1000, max_value=100000)
  File "/home/ec2-user/mock_data/venv/lib/python3.7/site-packages/faker/proxy.py", line 88, in __getattribute__
    def __getattribute__(self, attr: str) -> Any:
KeyboardInterrupt
Traceback (most recent call last):
  File "mock_gen.py", line 215, in <module>
    cursor.executemany(sql_insert, bulk)
cx_Oracle.DatabaseError: ORA-01691: unable to extend lob segment DMS_OWN.SYS_LOB0000074666C00038$$ by 1024 in tablespace TS_DMS_01
Traceback (most recent call last):
  File "mock_gen.py", line 215, in <module>
    cursor.executemany(sql_insert, bulk)
cx_Oracle.DatabaseError: ORA-01688: unable to extend table DMS_OWN.F_ORD_ORD_D partition F_ORD_ORD_D_202101 by 8192 in tablespace TS_DMS_01
Traceback (most recent call last):
  File "all_mock_gen.py", line 262, in <module>
    cursor.executemany(sql_insert, bulk)
cx_Oracle.DatabaseError: ORA-01653: unable to extend table OBJ_OWN.CMM_ANSIM_DLVS_ADDR_D by 128 in tablespace TS_DMS_01
Traceback (most recent call last):
  File "all_mock_gen.py", line 262, in <module>
    cursor.executemany(sql_insert, bulk)
cx_Oracle.IntegrityError: ORA-00001: unique constraint (OBJ_OWN.PK_CMM_ANSIM_DLVS_ADDR_D) violated
################################
## CMM_ANSIM_DLVS_ADDR_D
time : 75.03087425231934
last index : 100001
################################
Traceback (most recent call last):
  File "all_mock_gen.py", line 263, in <module>
    cursor.executemany(sql_insert, bulk)
cx_Oracle.IntegrityError: ORA-00001: unique constraint (OBJ_OWN.PK_CMM_AUTH_M) violated
